[0mGET / [36m304 [0m10.077 ms - -[0m
[0mGET /javascripts/angularApp.js [36m304 [0m1.792 ms - -[0m
[0mGET /templates/welcome.html [36m304 [0m0.670 ms - -[0m
[0mGET / [36m304 [0m1.752 ms - -[0m
[0mGET /javascripts/angularApp.js [36m304 [0m0.297 ms - -[0m
[0mGET /templates/welcome.html [36m304 [0m0.267 ms - -[0m
[0mGET / [36m304 [0m1.164 ms - -[0m
[0mGET /javascripts/angularApp.js [36m304 [0m0.394 ms - -[0m
[0mGET /templates/welcome.html [36m304 [0m0.284 ms - -[0m
[0mGET / [32m200 [0m0.625 ms - 1613[0m
[0mGET /javascripts/angularApp.js [32m200 [0m1.849 ms - 9885[0m
[0mGET /templates/welcome.html [32m200 [0m0.710 ms - 375[0m
[0mGET /images/favicon.ico [32m200 [0m0.415 ms - 2607[0m
[0mGET / [36m304 [0m0.828 ms - -[0m
[0mGET /javascripts/angularApp.js [36m304 [0m0.507 ms - -[0m
[0mGET /templates/welcome.html [36m304 [0m0.302 ms - -[0m
[0mGET /templates/login.html [32m200 [0m0.562 ms - 1039[0m
[0mPOST /login [32m200 [0m25.018 ms - 212[0m
[0mGET /movies_recommended [36m304 [0m7.865 ms - -[0m
[0mGET /templates/home.html [32m200 [0m3.865 ms - 1546[0m
[0mGET /movies_multi?movie_ids=1&movie_ids=2&movie_ids=3&movie_ids=4&movie_ids=5&movie_ids=6 [32m200 [0m842.651 ms - 9093[0m
[0mGET /stylesheets/style.css [36m304 [0m0.444 ms - -[0m
